#
# There is insufficient memory for the Java Runtime Environment to continue.
# Native memory allocation (malloc) failed to allocate 1048576 bytes for AllocateHeap
# Possible reasons:
#   The system is out of physical RAM or swap space
#   In 32 bit mode, the process size limit was hit
# Possible solutions:
#   Reduce memory load on the system
#   Increase physical memory or swap space
#   Check if swap backing store is full
#   Use 64 bit Java on a 64 bit OS
#   Decrease Java heap size (-Xmx/-Xms)
#   Decrease number of Java threads
#   Decrease Java thread stack sizes (-Xss)
#   Set larger code cache with -XX:ReservedCodeCacheSize=
# This output file may be truncated or incomplete.
#
#  Out of Memory Error (memory/allocation.inline.hpp:62), pid=6764, tid=6316
#
# JRE version:  (8.0_11-b12) (build )
# Java VM: Java HotSpot(TM) 64-Bit Server VM (25.11-b03 mixed mode windows-amd64 compressed oops)
# Failed to write core dump. Minidumps are not enabled by default on client versions of Windows
#

---------------  T H R E A D  ---------------

Current thread (0x0000000002880800):  JavaThread "Unknown thread" [_thread_in_vm, id=6316, stack(0x0000000002740000,0x0000000002840000)]

Stack: [0x0000000002740000,0x0000000002840000]
Native frames: (J=compiled Java code, j=interpreted, Vv=VM code, C=native code)
V  [jvm.dll+0x308eca]


---------------  P R O C E S S  ---------------

Java Threads: ( => current thread )

Other Threads:

=>0x0000000002880800 (exited) JavaThread "Unknown thread" [_thread_in_vm, id=6316, stack(0x0000000002740000,0x0000000002840000)]

VM state:not at safepoint (normal execution)

VM Mutex/Monitor currently owned by a thread: None

Heap:
 PSYoungGen      total 1024K, used 20K [0x00000000eab00000, 0x00000000eac80000, 0x0000000100000000)
  eden space 512K, 4% used [0x00000000eab00000,0x00000000eab05288,0x00000000eab80000)
  from space 512K, 0% used [0x00000000eac00000,0x00000000eac00000,0x00000000eac80000)
  to   space 512K, 0% used [0x00000000eab80000,0x00000000eab80000,0x00000000eac00000)
 ParOldGen       total 64000K, used 0K [0x00000000c0000000, 0x00000000c3e80000, 0x00000000eab00000)
  object space 64000K, 0% used [0x00000000c0000000,0x00000000c0000000,0x00000000c3e80000)
 Metaspace       used 674K, capacity 4480K, committed 4480K, reserved 1056768K
  class space    used 66K, capacity 384K, committed 384K, reserved 1048576K

Card table byte_map: [0x0000000011d40000,0x0000000011f50000] byte_map_base: 0x0000000011740000

Marking Bits: (ParMarkBitMap*) 0x0000000066c112b0
 Begin Bits: [0x00000000124b0000, 0x00000000134b0000)
 End Bits:   [0x00000000134b0000, 0x00000000144b0000)

Polling page: 0x00000000026b0000

CodeCache: size=245760Kb used=327Kb max_used=327Kb free=245432Kb
 bounds [0x0000000002980000, 0x0000000002bf0000, 0x0000000011980000]
 total_blobs=56 nmethods=0 adapters=37
 compilation: enabled

Compilation events (0 events):
No events

GC Heap History (0 events):
No events

Deoptimization events (0 events):
No events

Internal exceptions (0 events):
No events

Events (10 events):
Event: 2.941 loading class java/lang/Short
Event: 2.942 loading class java/lang/Short done
Event: 2.942 loading class java/lang/Integer
Event: 2.942 loading class java/lang/Integer done
Event: 2.942 loading class java/lang/Long
Event: 2.943 loading class java/lang/Long done
Event: 3.138 loading class java/lang/NullPointerException
Event: 3.138 loading class java/lang/NullPointerException done
Event: 3.139 loading class java/lang/ArithmeticException
Event: 3.139 loading class java/lang/ArithmeticException done


Dynamic libraries:
0x00007ff6f9540000 - 0x00007ff6f9574000 	C:\Program Files\Java\jdk1.8.0_11\bin\java.exe
0x00007fffbc330000 - 0x00007fffbc4dc000 	C:\Windows\SYSTEM32\ntdll.dll
0x00007fffbbd20000 - 0x00007fffbbe5e000 	C:\Windows\system32\KERNEL32.DLL
0x00007fffb9830000 - 0x00007fffb9945000 	C:\Windows\system32\KERNELBASE.dll
0x00007fffb77f0000 - 0x00007fffb787e000 	C:\Windows\system32\apphelp.dll
0x00007fffafa70000 - 0x00007fffafac3000 	C:\Windows\AppPatch\AppPatch64\AcGenral.DLL
0x00007fffba1e0000 - 0x00007fffba28a000 	C:\Windows\system32\msvcrt.dll
0x00007fffb92b0000 - 0x00007fffb92de000 	C:\Windows\SYSTEM32\SspiCli.dll
0x00007fffba0d0000 - 0x00007fffba124000 	C:\Windows\system32\SHLWAPI.dll
0x00007fffb9e00000 - 0x00007fffb9f77000 	C:\Windows\system32\USER32.dll
0x00007fffbb950000 - 0x00007fffbbae4000 	C:\Windows\system32\ole32.dll
0x00007fffba290000 - 0x00007fffbb7a8000 	C:\Windows\system32\SHELL32.dll
0x00007fffb8a20000 - 0x00007fffb8a41000 	C:\Windows\SYSTEM32\USERENV.dll
0x00007fffb9b60000 - 0x00007fffb9c0a000 	C:\Windows\system32\ADVAPI32.dll
0x00007fffae440000 - 0x00007fffae45e000 	C:\Windows\SYSTEM32\MPR.dll
0x00007fffb9a10000 - 0x00007fffb9b51000 	C:\Windows\system32\RPCRT4.dll
0x00007fffbc2d0000 - 0x00007fffbc329000 	C:\Windows\SYSTEM32\sechost.dll
0x00007fffbbb00000 - 0x00007fffbbd11000 	C:\Windows\SYSTEM32\combase.dll
0x00007fffbc010000 - 0x00007fffbc161000 	C:\Windows\system32\GDI32.dll
0x00007fffb9480000 - 0x00007fffb9495000 	C:\Windows\SYSTEM32\profapi.dll
0x00007fffb7df0000 - 0x00007fffb7ea2000 	C:\Windows\SYSTEM32\SHCORE.dll
0x00007fffba130000 - 0x00007fffba166000 	C:\Windows\system32\IMM32.DLL
0x00007fffbc170000 - 0x00007fffbc2c2000 	C:\Windows\system32\MSCTF.dll
0x00007fffb7970000 - 0x00007fffb7beb000 	C:\Windows\WinSxS\amd64_microsoft.windows.common-controls_6595b64144ccf1df_6.0.9600.17784_none_624760d1ecb7236e\COMCTL32.dll
0x0000000065f90000 - 0x0000000066062000 	C:\Program Files\Java\jdk1.8.0_11\jre\bin\msvcr100.dll
0x0000000066460000 - 0x0000000066c8a000 	C:\Program Files\Java\jdk1.8.0_11\jre\bin\server\jvm.dll
0x00007fffb5020000 - 0x00007fffb5029000 	C:\Windows\SYSTEM32\WSOCK32.dll
0x00007fffb45d0000 - 0x00007fffb45f2000 	C:\Windows\SYSTEM32\WINMM.dll
0x00007fffb9ff0000 - 0x00007fffb9ff7000 	C:\Windows\system32\PSAPI.DLL
0x00007fffb9f80000 - 0x00007fffb9fda000 	C:\Windows\system32\WS2_32.dll
0x00007fffb45a0000 - 0x00007fffb45ca000 	C:\Windows\SYSTEM32\WINMMBASE.dll
0x00007fffb9fe0000 - 0x00007fffb9fe9000 	C:\Windows\system32\NSI.dll
0x00007fffb9550000 - 0x00007fffb959f000 	C:\Windows\SYSTEM32\cfgmgr32.dll
0x00007fffb77c0000 - 0x00007fffb77e8000 	C:\Windows\SYSTEM32\DEVOBJ.dll
0x0000000066450000 - 0x000000006645f000 	C:\Program Files\Java\jdk1.8.0_11\jre\bin\verify.dll
0x0000000066420000 - 0x0000000066448000 	C:\Program Files\Java\jdk1.8.0_11\jre\bin\java.dll
0x0000000066400000 - 0x0000000066416000 	C:\Program Files\Java\jdk1.8.0_11\jre\bin\zip.dll
0x00007fff9cc20000 - 0x00007fff9cda9000 	C:\Windows\SYSTEM32\dbghelp.dll

VM Arguments:
jvm_args: -Xmx1024M -Dfile.encoding=windows-1252 -Duser.country=US -Duser.language=en -Duser.variant 
java_command: com.android.dx.command.Main --dex --output C:\Users\kundan\Desktop\Mojokarma\app\build\intermediates\pre-dexed\debug\support-annotations-22.2.0-8f614f1429034897c936b14a5b3e01821cdc302c.jar D:\adt-bundle-windows-x86-20140702(NO DEL)\sdk\extras\android\m2repository\com\android\support\support-annotations\22.2.0\support-annotations-22.2.0.jar
java_class_path (initial): D:\adt-bundle-windows-x86-20140702(NO DEL)\sdk\build-tools\build-tools-22.0.1\lib\dx.jar
Launcher Type: SUN_STANDARD

Environment Variables:
JAVA_HOME=C:\Program Files\Java\jdk1.8.0_11\
PATH=C:\ProgramData\Oracle\Java\javapath;C:\Windows\system32;C:\Windows;C:\Windows\System32\Wbem;C:\Windows\System32\WindowsPowerShell\v1.0\;C:\Program Files (x86)\Git\cmd;C:\Users\kundan\apache-ant-1.9.4\bin;C:\Program Files\Java\jdk1.8.0_11\\bin;D:\adt-bundle-windows-x86-20140702(NO DEL)\sdk\tools;
USERNAME=kundan
OS=Windows_NT
PROCESSOR_IDENTIFIER=Intel64 Family 6 Model 58 Stepping 9, GenuineIntel



---------------  S Y S T E M  ---------------

OS: Windows 8.1 , 64 bit Build 9600 

CPU:total 4 (2 cores per cpu, 2 threads per core) family 6 model 58 stepping 9, cmov, cx8, fxsr, mmx, sse, sse2, sse3, ssse3, sse4.1, sse4.2, popcnt, avx, aes, clmul, erms, ht, tsc, tscinvbit

Memory: 4k page, physical 4090216k(178224k free), swap 7235944k(5160k free)

vm_info: Java HotSpot(TM) 64-Bit Server VM (25.11-b03) for windows-amd64 JRE (1.8.0_11-b12), built on Jun 16 2014 20:57:32 by "java_re" with MS VC++ 10.0 (VS2010)

time: Thu Jun 04 16:50:54 2015
elapsed time: 9 seconds

